[debug] [2024-06-11T01:11:16.943Z] ----------------------------------------------------------------------
[debug] [2024-06-11T01:11:16.946Z] Command:       C:\Program Files\nodejs\node.exe C:\Users\desen\workspace\leaguelink\node_modules\firebase-tools\lib\bin\firebase.js emulators:start --only functions
[debug] [2024-06-11T01:11:16.946Z] CLI Version:   13.7.4
[debug] [2024-06-11T01:11:16.946Z] Platform:      win32
[debug] [2024-06-11T01:11:16.946Z] Node Version:  v21.4.0
[debug] [2024-06-11T01:11:16.947Z] Time:          Mon Jun 10 2024 21:11:16 GMT-0400 (Eastern Daylight Time)
[debug] [2024-06-11T01:11:16.947Z] ----------------------------------------------------------------------
[debug] 
[debug] [2024-06-11T01:11:17.040Z] > command requires scopes: ["email","openid","https://www.googleapis.com/auth/cloudplatformprojects.readonly","https://www.googleapis.com/auth/firebase","https://www.googleapis.com/auth/cloud-platform"]
[debug] [2024-06-11T01:11:17.041Z] > authorizing via signed-in user (derek.desentz@gmail.com)
[info] i  emulators: Starting emulators: functions {"metadata":{"emulator":{"name":"hub"},"message":"Starting emulators: functions"}}
[debug] [2024-06-11T01:11:17.052Z] [logging] Logging Emulator only supports listening on one address (127.0.0.1). Not listening on ::1
[debug] [2024-06-11T01:11:17.052Z] assigned listening specs for emulators {"user":{"hub":[{"address":"127.0.0.1","family":"IPv4","port":4400},{"address":"::1","family":"IPv6","port":4400}],"ui":[{"address":"127.0.0.1","family":"IPv4","port":4000},{"address":"::1","family":"IPv6","port":4000}],"logging":[{"address":"127.0.0.1","family":"IPv4","port":4500}]},"metadata":{"message":"assigned listening specs for emulators"}}
[debug] [2024-06-11T01:11:17.058Z] [hub] writing locator at C:\Users\desen\AppData\Local\Temp\hub-leaguelink-35ecc.json
[debug] [2024-06-11T01:11:17.078Z] [functions] Functions Emulator only supports listening on one address (127.0.0.1). Not listening on ::1
[debug] [2024-06-11T01:11:17.078Z] [eventarc] Eventarc Emulator only supports listening on one address (127.0.0.1). Not listening on ::1
[debug] [2024-06-11T01:11:17.078Z] late-assigned ports for functions and eventarc emulators {"user":{"hub":[{"address":"127.0.0.1","family":"IPv4","port":4400},{"address":"::1","family":"IPv6","port":4400}],"ui":[{"address":"127.0.0.1","family":"IPv4","port":4000},{"address":"::1","family":"IPv6","port":4000}],"logging":[{"address":"127.0.0.1","family":"IPv4","port":4500}],"functions":[{"address":"127.0.0.1","family":"IPv4","port":5001}],"eventarc":[{"address":"127.0.0.1","family":"IPv4","port":9299}]},"metadata":{"message":"late-assigned ports for functions and eventarc emulators"}}
[warn] !  functions: The following emulators are not running, calls to these services from the Functions emulator will affect production: auth, firestore, database, hosting, pubsub, storage {"metadata":{"emulator":{"name":"functions"},"message":"The following emulators are not running, calls to these services from the Functions emulator will affect production: \u001b[1mauth, firestore, database, hosting, pubsub, storage\u001b[22m"}}
[debug] [2024-06-11T01:11:17.081Z] defaultcredentials: writing to file C:\Users\desen\AppData\Roaming\firebase\derek_desentz_gmail.com_application_default_credentials.json
[debug] [2024-06-11T01:11:17.084Z] Setting GAC to C:\Users\desen\AppData\Roaming\firebase\derek_desentz_gmail.com_application_default_credentials.json {"metadata":{"emulator":{"name":"functions"},"message":"Setting GAC to C:\\Users\\desen\\AppData\\Roaming\\firebase\\derek_desentz_gmail.com_application_default_credentials.json"}}
[debug] [2024-06-11T01:11:17.085Z] >>> [apiv2][query] GET https://firebase.googleapis.com/v1beta1/projects/leaguelink-35ecc/adminSdkConfig [none]
[debug] [2024-06-11T01:11:17.509Z] <<< [apiv2][status] GET https://firebase.googleapis.com/v1beta1/projects/leaguelink-35ecc/adminSdkConfig 200
[debug] [2024-06-11T01:11:17.509Z] <<< [apiv2][body] GET https://firebase.googleapis.com/v1beta1/projects/leaguelink-35ecc/adminSdkConfig {"projectId":"leaguelink-35ecc","storageBucket":"leaguelink-35ecc.appspot.com","locationId":"us-central"}
[debug] [2024-06-11T01:11:17.523Z] Ignoring unsupported arg: auto_download {"metadata":{"emulator":{"name":"ui"},"message":"Ignoring unsupported arg: auto_download"}}
[debug] [2024-06-11T01:11:17.523Z] Ignoring unsupported arg: port {"metadata":{"emulator":{"name":"ui"},"message":"Ignoring unsupported arg: port"}}
[debug] [2024-06-11T01:11:17.523Z] Starting Emulator UI with command {"binary":"node","args":["C:\\Users\\desen\\.cache\\firebase\\emulators\\ui-v1.11.8\\server\\server.mjs"],"optionalArgs":[],"joinArgs":false,"shell":false} {"metadata":{"emulator":{"name":"ui"},"message":"Starting Emulator UI with command {\"binary\":\"node\",\"args\":[\"C:\\\\Users\\\\desen\\\\.cache\\\\firebase\\\\emulators\\\\ui-v1.11.8\\\\server\\\\server.mjs\"],\"optionalArgs\":[],\"joinArgs\":false,\"shell\":false}"}}
[info] i  ui: Emulator UI logging to ui-debug.log {"metadata":{"emulator":{"name":"ui"},"message":"Emulator UI logging to \u001b[1mui-debug.log\u001b[22m"}}
[debug] [2024-06-11T01:11:17.643Z] Web / API server started at 127.0.0.1:4000
 {"metadata":{"emulator":{"name":"ui"},"message":"Web / API server started at 127.0.0.1:4000\n"}}
[debug] [2024-06-11T01:11:17.643Z] Web / API server started at ::1:4000
 {"metadata":{"emulator":{"name":"ui"},"message":"Web / API server started at ::1:4000\n"}}
[info] i  functions: Watching "C:\Users\desen\workspace\leaguelink\functions" for Cloud Functions... {"metadata":{"emulator":{"name":"functions"},"message":"Watching \"C:\\Users\\desen\\workspace\\leaguelink\\functions\" for Cloud Functions..."}}
[debug] [2024-06-11T01:11:17.793Z] Validating nodejs source
[warn] !  functions: package.json indicates an outdated version of firebase-functions. Please upgrade using npm install --save firebase-functions@latest in your functions directory. 
[warn] !  functions: Please note that there will be breaking changes when you upgrade. 
[debug] [2024-06-11T01:11:18.822Z] > [functions] package.json contents: {
  "name": "functions",
  "scripts": {
    "lint": "eslint --ext .js,.ts .",
    "build": "tsc",
    "build:watch": "tsc --watch",
    "serve": "npm run build && firebase emulators:start --only functions",
    "shell": "npm run build && firebase functions:shell",
    "start": "npm run shell",
    "deploy": "firebase deploy --only functions",
    "logs": "firebase functions:log"
  },
  "engines": {
    "node": "18"
  },
  "main": "lib/index.js",
  "dependencies": {
    "algoliasearch": "^4.23.3",
    "axios": "^1.7.2",
    "firebase": "^10.12.2",
    "firebase-admin": "^11.11.1",
    "firebase-functions": "^4.3.1"
  },
  "devDependencies": {
    "@typescript-eslint/eslint-plugin": "^5.12.0",
    "@typescript-eslint/parser": "^5.12.0",
    "eslint": "^8.9.0",
    "eslint-config-google": "^0.14.0",
    "eslint-plugin-import": "^2.25.4",
    "firebase-functions-test": "^3.1.0",
    "typescript": "^4.9.0"
  },
  "private": true
}
[debug] [2024-06-11T01:11:18.822Z] Building nodejs source
[debug] [2024-06-11T01:11:18.822Z] Failed to find version of module node: reached end of search path C:\Users\desen\workspace\leaguelink\functions\node_modules
[warn] !  functions: Your requested "node" version "18" doesn't match your global version "21". Using node@21 from host. 
[debug] [2024-06-11T01:11:18.824Z] Could not find functions.yaml. Must use http discovery
[debug] [2024-06-11T01:11:18.831Z] Found firebase-functions binary at 'C:\Users\desen\workspace\leaguelink\functions\node_modules\.bin\firebase-functions'
[info] Serving at port 8431

[debug] [2024-06-11T01:11:19.271Z] Got response from /__/functions.yaml {"endpoints":{"searchCourses":{"availableMemoryMb":null,"timeoutSeconds":null,"minInstances":null,"maxInstances":null,"ingressSettings":null,"concurrency":null,"serviceAccountEmail":null,"vpc":null,"platform":"gcfv2","labels":{},"callableTrigger":{},"entryPoint":"searchCourses"},"addToIndex":{"platform":"gcfv1","availableMemoryMb":null,"timeoutSeconds":null,"minInstances":null,"maxInstances":null,"ingressSettings":null,"serviceAccountEmail":null,"vpc":null,"eventTrigger":{"eventType":"providers/cloud.firestore/eventTypes/document.create","eventFilters":{"resource":"projects/leaguelink-35ecc/databases/(default)/documents/leagues/{leagueId}/teams/{teamId}"},"retry":false},"labels":{},"entryPoint":"addToIndex"},"updateIndex":{"platform":"gcfv1","availableMemoryMb":null,"timeoutSeconds":null,"minInstances":null,"maxInstances":null,"ingressSettings":null,"serviceAccountEmail":null,"vpc":null,"eventTrigger":{"eventType":"providers/cloud.firestore/eventTypes/document.update","eventFilters":{"resource":"projects/leaguelink-35ecc/databases/(default)/documents/leagues/{leagueId}/teams/{teamId}"},"retry":false},"labels":{},"entryPoint":"updateIndex"},"deleteFromIndex":{"platform":"gcfv1","availableMemoryMb":null,"timeoutSeconds":null,"minInstances":null,"maxInstances":null,"ingressSettings":null,"serviceAccountEmail":null,"vpc":null,"eventTrigger":{"eventType":"providers/cloud.firestore/eventTypes/document.delete","eventFilters":{"resource":"projects/leaguelink-35ecc/databases/(default)/documents/leagues/{leagueId}/teams/{teamId}"},"retry":false},"labels":{},"entryPoint":"deleteFromIndex"}},"specVersion":"v1alpha1","requiredAPIs":[]}
[info] +  functions: Loaded functions definitions from source: searchCourses, addToIndex, updateIndex, deleteFromIndex. {"metadata":{"emulator":{"name":"functions"},"message":"Loaded functions definitions from source: searchCourses, addToIndex, updateIndex, deleteFromIndex."}}
[info] +  functions[us-central1-searchCourses]: http function initialized (http://127.0.0.1:5001/leaguelink-35ecc/us-central1/searchCourses). {"metadata":{"emulator":{"name":"functions"},"message":"\u001b[1mhttp\u001b[22m function initialized (http://127.0.0.1:5001/leaguelink-35ecc/us-central1/searchCourses)."}}
[info] i  functions[us-central1-addToIndex]: function ignored because the firestore emulator does not exist or is not running. {"metadata":{"emulator":{"name":"functions"},"message":"function ignored because the firestore emulator does not exist or is not running."}}
[info] i  functions[us-central1-updateIndex]: function ignored because the firestore emulator does not exist or is not running. {"metadata":{"emulator":{"name":"functions"},"message":"function ignored because the firestore emulator does not exist or is not running."}}
[info] i  functions[us-central1-deleteFromIndex]: function ignored because the firestore emulator does not exist or is not running. {"metadata":{"emulator":{"name":"functions"},"message":"function ignored because the firestore emulator does not exist or is not running."}}
[info] 
┌─────────────────────────────────────────────────────────────┐
│ ✔  All emulators ready! It is now safe to connect your app. │
│ i  View Emulator UI at http://127.0.0.1:4000/               │
└─────────────────────────────────────────────────────────────┘

┌───────────┬────────────────┬─────────────────────────────────┐
│ Emulator  │ Host:Port      │ View in Emulator UI             │
├───────────┼────────────────┼─────────────────────────────────┤
│ Functions │ 127.0.0.1:5001 │ http://127.0.0.1:4000/functions │
└───────────┴────────────────┴─────────────────────────────────┘
  Emulator Hub running at 127.0.0.1:4400
  Other reserved ports: 4500

Issues? Report them at https://github.com/firebase/firebase-tools/issues and attach the *-debug.log files.
 
[debug] [2024-06-11T01:11:44.797Z] [work-queue] {"queuedWork":["/leaguelink-35ecc/us-central1/searchCourses-2024-06-11T01:11:44.797Z"],"queueLength":1,"runningWork":[],"workRunningCount":0}
[debug] [2024-06-11T01:11:44.798Z] [work-queue] {"queuedWork":[],"queueLength":0,"runningWork":["/leaguelink-35ecc/us-central1/searchCourses-2024-06-11T01:11:44.797Z"],"workRunningCount":1}
[debug] [2024-06-11T01:11:44.798Z] Accepted request OPTIONS /leaguelink-35ecc/us-central1/searchCourses --> us-central1-searchCourses
[debug] [2024-06-11T01:11:44.802Z] [functions] Runtime ready! Sending request! {"metadata":{"emulator":{"name":"functions"},"message":"[functions] Runtime ready! Sending request!"}}
[debug] [2024-06-11T01:11:44.803Z] [functions] Got req.url=/leaguelink-35ecc/us-central1/searchCourses, mapping to path=/ {"metadata":{"emulator":{"name":"functions"},"message":"[functions] Got req.url=/leaguelink-35ecc/us-central1/searchCourses, mapping to path=/"}}
[debug] [2024-06-11T01:11:44.817Z] [worker-pool] addWorker(us-central1-searchCourses) {"metadata":{"emulator":{"name":"functions"},"message":"[worker-pool] addWorker(us-central1-searchCourses)"}}
[debug] [2024-06-11T01:11:44.818Z] [worker-pool] Adding worker with key us-central1-searchCourses, total=1 {"metadata":{"emulator":{"name":"functions"},"message":"[worker-pool] Adding worker with key us-central1-searchCourses, total=1"}}
[info] >  (node:12752) [DEP0040] DeprecationWarning: The `punycode` module is deprecated. Please use a userland alternative instead. {"user":"(node:12752) [DEP0040] DeprecationWarning: The `punycode` module is deprecated. Please use a userland alternative instead.","metadata":{"emulator":{"name":"functions"},"function":{"name":"us-central1-searchCourses"},"extension":{},"message":"\u001b[90m> \u001b[39m (node:12752) [DEP0040] DeprecationWarning: The `punycode` module is deprecated. Please use a userland alternative instead."}}
[info] >  (Use `node --trace-deprecation ...` to show where the warning was created) {"user":"(Use `node --trace-deprecation ...` to show where the warning was created)","metadata":{"emulator":{"name":"functions"},"function":{"name":"us-central1-searchCourses"},"extension":{},"message":"\u001b[90m> \u001b[39m (Use `node --trace-deprecation ...` to show where the warning was created)"}}
[debug] [2024-06-11T01:11:45.727Z] [runtime-status] [12752] Resolved module firebase-admin {"declared":true,"installed":true,"version":"11.11.1","resolution":"C:\\Users\\desen\\workspace\\leaguelink\\functions\\node_modules\\firebase-admin\\lib\\index.js"} {"metadata":{"emulator":{"name":"functions"},"function":{"name":"us-central1-searchCourses"},"extension":{},"message":"[runtime-status] [12752] Resolved module firebase-admin {\"declared\":true,\"installed\":true,\"version\":\"11.11.1\",\"resolution\":\"C:\\\\Users\\\\desen\\\\workspace\\\\leaguelink\\\\functions\\\\node_modules\\\\firebase-admin\\\\lib\\\\index.js\"}"}}
[debug] [2024-06-11T01:11:45.728Z] [runtime-status] [12752] Resolved module firebase-functions {"declared":true,"installed":true,"version":"4.9.0","resolution":"C:\\Users\\desen\\workspace\\leaguelink\\functions\\node_modules\\firebase-functions\\lib\\v1\\index.js"} {"metadata":{"emulator":{"name":"functions"},"function":{"name":"us-central1-searchCourses"},"extension":{},"message":"[runtime-status] [12752] Resolved module firebase-functions {\"declared\":true,\"installed\":true,\"version\":\"4.9.0\",\"resolution\":\"C:\\\\Users\\\\desen\\\\workspace\\\\leaguelink\\\\functions\\\\node_modules\\\\firebase-functions\\\\lib\\\\v1\\\\index.js\"}"}}
[debug] [2024-06-11T01:11:45.728Z] [runtime-status] [12752] Outgoing network have been stubbed. [{"name":"http","status":"mocked"},{"name":"http","status":"mocked"},{"name":"https","status":"mocked"},{"name":"https","status":"mocked"},{"name":"net","status":"mocked"}] {"metadata":{"emulator":{"name":"functions"},"function":{"name":"us-central1-searchCourses"},"extension":{},"message":"[runtime-status] [12752] Outgoing network have been stubbed. [{\"name\":\"http\",\"status\":\"mocked\"},{\"name\":\"http\",\"status\":\"mocked\"},{\"name\":\"https\",\"status\":\"mocked\"},{\"name\":\"https\",\"status\":\"mocked\"},{\"name\":\"net\",\"status\":\"mocked\"}]"}}
[debug] [2024-06-11T01:11:45.729Z] [runtime-status] [12752] Resolved module firebase-functions {"declared":true,"installed":true,"version":"4.9.0","resolution":"C:\\Users\\desen\\workspace\\leaguelink\\functions\\node_modules\\firebase-functions\\lib\\v1\\index.js"} {"metadata":{"emulator":{"name":"functions"},"function":{"name":"us-central1-searchCourses"},"extension":{},"message":"[runtime-status] [12752] Resolved module firebase-functions {\"declared\":true,\"installed\":true,\"version\":\"4.9.0\",\"resolution\":\"C:\\\\Users\\\\desen\\\\workspace\\\\leaguelink\\\\functions\\\\node_modules\\\\firebase-functions\\\\lib\\\\v1\\\\index.js\"}"}}
[debug] [2024-06-11T01:11:45.903Z] [runtime-status] [12752] Checked functions.config() {"config":{}} {"metadata":{"emulator":{"name":"functions"},"function":{"name":"us-central1-searchCourses"},"extension":{},"message":"[runtime-status] [12752] Checked functions.config() {\"config\":{}}"}}
[debug] [2024-06-11T01:11:45.904Z] [runtime-status] [12752] firebase-functions has been stubbed. {"functionsResolution":{"declared":true,"installed":true,"version":"4.9.0","resolution":"C:\\Users\\desen\\workspace\\leaguelink\\functions\\node_modules\\firebase-functions\\lib\\v1\\index.js"}} {"metadata":{"emulator":{"name":"functions"},"function":{"name":"us-central1-searchCourses"},"extension":{},"message":"[runtime-status] [12752] firebase-functions has been stubbed. {\"functionsResolution\":{\"declared\":true,\"installed\":true,\"version\":\"4.9.0\",\"resolution\":\"C:\\\\Users\\\\desen\\\\workspace\\\\leaguelink\\\\functions\\\\node_modules\\\\firebase-functions\\\\lib\\\\v1\\\\index.js\"}}"}}
[debug] [2024-06-11T01:11:45.904Z] [runtime-status] [12752] Resolved module firebase-functions {"declared":true,"installed":true,"version":"4.9.0","resolution":"C:\\Users\\desen\\workspace\\leaguelink\\functions\\node_modules\\firebase-functions\\lib\\v1\\index.js"} {"metadata":{"emulator":{"name":"functions"},"function":{"name":"us-central1-searchCourses"},"extension":{},"message":"[runtime-status] [12752] Resolved module firebase-functions {\"declared\":true,\"installed\":true,\"version\":\"4.9.0\",\"resolution\":\"C:\\\\Users\\\\desen\\\\workspace\\\\leaguelink\\\\functions\\\\node_modules\\\\firebase-functions\\\\lib\\\\v1\\\\index.js\"}"}}
[debug] [2024-06-11T01:11:45.905Z] [runtime-status] [12752] Resolved module firebase-admin {"declared":true,"installed":true,"version":"11.11.1","resolution":"C:\\Users\\desen\\workspace\\leaguelink\\functions\\node_modules\\firebase-admin\\lib\\index.js"} {"metadata":{"emulator":{"name":"functions"},"function":{"name":"us-central1-searchCourses"},"extension":{},"message":"[runtime-status] [12752] Resolved module firebase-admin {\"declared\":true,\"installed\":true,\"version\":\"11.11.1\",\"resolution\":\"C:\\\\Users\\\\desen\\\\workspace\\\\leaguelink\\\\functions\\\\node_modules\\\\firebase-admin\\\\lib\\\\index.js\"}"}}
[debug] [2024-06-11T01:11:45.906Z] [runtime-status] [12752] Resolved module firebase-functions {"declared":true,"installed":true,"version":"4.9.0","resolution":"C:\\Users\\desen\\workspace\\leaguelink\\functions\\node_modules\\firebase-functions\\lib\\v1\\index.js"} {"metadata":{"emulator":{"name":"functions"},"function":{"name":"us-central1-searchCourses"},"extension":{},"message":"[runtime-status] [12752] Resolved module firebase-functions {\"declared\":true,\"installed\":true,\"version\":\"4.9.0\",\"resolution\":\"C:\\\\Users\\\\desen\\\\workspace\\\\leaguelink\\\\functions\\\\node_modules\\\\firebase-functions\\\\lib\\\\v1\\\\index.js\"}"}}
[debug] [2024-06-11T01:11:45.906Z] [runtime-status] [12752] firebase-admin has been stubbed. {"adminResolution":{"declared":true,"installed":true,"version":"11.11.1","resolution":"C:\\Users\\desen\\workspace\\leaguelink\\functions\\node_modules\\firebase-admin\\lib\\index.js"}} {"metadata":{"emulator":{"name":"functions"},"function":{"name":"us-central1-searchCourses"},"extension":{},"message":"[runtime-status] [12752] firebase-admin has been stubbed. {\"adminResolution\":{\"declared\":true,\"installed\":true,\"version\":\"11.11.1\",\"resolution\":\"C:\\\\Users\\\\desen\\\\workspace\\\\leaguelink\\\\functions\\\\node_modules\\\\firebase-admin\\\\lib\\\\index.js\"}}"}}
[debug] [2024-06-11T01:11:45.932Z] [runtime-status] [12752] Functions runtime initialized. {"cwd":"C:\\Users\\desen\\workspace\\leaguelink\\functions","node_version":"21.4.0"} {"metadata":{"emulator":{"name":"functions"},"function":{"name":"us-central1-searchCourses"},"extension":{},"message":"[runtime-status] [12752] Functions runtime initialized. {\"cwd\":\"C:\\\\Users\\\\desen\\\\workspace\\\\leaguelink\\\\functions\",\"node_version\":\"21.4.0\"}"}}
[debug] [2024-06-11T01:11:45.933Z] [runtime-status] [12752] Listening to port: \\?\pipe\fire_emu_cb3739c7e5b63749 {"metadata":{"emulator":{"name":"functions"},"function":{"name":"us-central1-searchCourses"},"extension":{},"message":"[runtime-status] [12752] Listening to port: \\\\?\\pipe\\fire_emu_cb3739c7e5b63749"}}
[debug] [2024-06-11T01:11:46.013Z] [worker-us-central1-searchCourses-887b9c9e-55e7-4a79-94c5-cc1de054aa91]: IDLE {"metadata":{"emulator":{"name":"functions"},"function":{"name":"us-central1-searchCourses"},"extension":{},"message":"[worker-us-central1-searchCourses-887b9c9e-55e7-4a79-94c5-cc1de054aa91]: IDLE"}}
[debug] [2024-06-11T01:11:46.013Z] [worker-pool] submitRequest(triggerId=us-central1-searchCourses) {"metadata":{"emulator":{"name":"functions"},"message":"[worker-pool] submitRequest(triggerId=us-central1-searchCourses)"}}
[info] i  functions: Beginning execution of "us-central1-searchCourses" {"metadata":{"emulator":{"name":"functions"},"function":{"name":"us-central1-searchCourses"},"extension":{},"message":"Beginning execution of \"us-central1-searchCourses\""}}
[debug] [2024-06-11T01:11:46.014Z] [worker-us-central1-searchCourses-887b9c9e-55e7-4a79-94c5-cc1de054aa91]: BUSY {"metadata":{"emulator":{"name":"functions"},"function":{"name":"us-central1-searchCourses"},"extension":{},"message":"[worker-us-central1-searchCourses-887b9c9e-55e7-4a79-94c5-cc1de054aa91]: BUSY"}}
[debug] [2024-06-11T01:11:46.018Z] Finishing up request with event=pause {"metadata":{"emulator":{"name":"functions"},"function":{"name":"us-central1-searchCourses"},"extension":{},"message":"Finishing up request with event=pause"}}
[info] i  functions: Finished "us-central1-searchCourses" in 4.1255ms {"metadata":{"emulator":{"name":"functions"},"function":{"name":"us-central1-searchCourses"},"extension":{},"message":"Finished \"us-central1-searchCourses\" in 4.1255ms"}}
[debug] [2024-06-11T01:11:46.018Z] [worker-us-central1-searchCourses-887b9c9e-55e7-4a79-94c5-cc1de054aa91]: IDLE {"metadata":{"emulator":{"name":"functions"},"function":{"name":"us-central1-searchCourses"},"extension":{},"message":"[worker-us-central1-searchCourses-887b9c9e-55e7-4a79-94c5-cc1de054aa91]: IDLE"}}
[debug] [2024-06-11T01:11:46.018Z] Finishing up request with event=finish {"metadata":{"emulator":{"name":"functions"},"function":{"name":"us-central1-searchCourses"},"extension":{},"message":"Finishing up request with event=finish"}}
[debug] [2024-06-11T01:11:46.019Z] Finishing up request with event=close {"metadata":{"emulator":{"name":"functions"},"function":{"name":"us-central1-searchCourses"},"extension":{},"message":"Finishing up request with event=close"}}
[debug] [2024-06-11T01:11:46.019Z] [work-queue] {"queuedWork":[],"queueLength":0,"runningWork":[],"workRunningCount":0}
[debug] [2024-06-11T01:11:46.020Z] [work-queue] {"queuedWork":["/leaguelink-35ecc/us-central1/searchCourses-2024-06-11T01:11:46.020Z"],"queueLength":1,"runningWork":[],"workRunningCount":0}
[debug] [2024-06-11T01:11:46.020Z] [work-queue] {"queuedWork":[],"queueLength":0,"runningWork":["/leaguelink-35ecc/us-central1/searchCourses-2024-06-11T01:11:46.020Z"],"workRunningCount":1}
[debug] [2024-06-11T01:11:46.020Z] Accepted request POST /leaguelink-35ecc/us-central1/searchCourses --> us-central1-searchCourses
[debug] [2024-06-11T01:11:46.021Z] [functions] Runtime ready! Sending request! {"metadata":{"emulator":{"name":"functions"},"message":"[functions] Runtime ready! Sending request!"}}
[debug] [2024-06-11T01:11:46.021Z] [functions] Got req.url=/leaguelink-35ecc/us-central1/searchCourses, mapping to path=/ {"metadata":{"emulator":{"name":"functions"},"message":"[functions] Got req.url=/leaguelink-35ecc/us-central1/searchCourses, mapping to path=/"}}
[debug] [2024-06-11T01:11:46.021Z] [worker-pool] submitRequest(triggerId=us-central1-searchCourses) {"metadata":{"emulator":{"name":"functions"},"message":"[worker-pool] submitRequest(triggerId=us-central1-searchCourses)"}}
[info] i  functions: Beginning execution of "us-central1-searchCourses" {"metadata":{"emulator":{"name":"functions"},"function":{"name":"us-central1-searchCourses"},"extension":{},"message":"Beginning execution of \"us-central1-searchCourses\""}}
[debug] [2024-06-11T01:11:46.022Z] [worker-us-central1-searchCourses-887b9c9e-55e7-4a79-94c5-cc1de054aa91]: BUSY {"metadata":{"emulator":{"name":"functions"},"function":{"name":"us-central1-searchCourses"},"extension":{},"message":"[worker-us-central1-searchCourses-887b9c9e-55e7-4a79-94c5-cc1de054aa91]: BUSY"}}
[info] >  {"verifications":{"app":"MISSING","auth":"VALID"},"logging.googleapis.com/labels":{"firebase-log-type":"callable-request-verification"},"severity":"DEBUG","message":"Callable request verification passed"} {"user":{"verifications":{"app":"MISSING","auth":"VALID"},"logging.googleapis.com/labels":{"firebase-log-type":"callable-request-verification"},"severity":"DEBUG","message":"Callable request verification passed"},"metadata":{"emulator":{"name":"functions"},"function":{"name":"us-central1-searchCourses"},"extension":{},"message":"\u001b[90m> \u001b[39m {\"verifications\":{\"app\":\"MISSING\",\"auth\":\"VALID\"},\"logging.googleapis.com/labels\":{\"firebase-log-type\":\"callable-request-verification\"},\"severity\":\"DEBUG\",\"message\":\"Callable request verification passed\"}"}}
[debug] [2024-06-11T01:11:46.275Z] Finishing up request with event=pause {"metadata":{"emulator":{"name":"functions"},"function":{"name":"us-central1-searchCourses"},"extension":{},"message":"Finishing up request with event=pause"}}
[info] i  functions: Finished "us-central1-searchCourses" in 254.0445ms {"metadata":{"emulator":{"name":"functions"},"function":{"name":"us-central1-searchCourses"},"extension":{},"message":"Finished \"us-central1-searchCourses\" in 254.0445ms"}}
[debug] [2024-06-11T01:11:46.276Z] [worker-us-central1-searchCourses-887b9c9e-55e7-4a79-94c5-cc1de054aa91]: IDLE {"metadata":{"emulator":{"name":"functions"},"function":{"name":"us-central1-searchCourses"},"extension":{},"message":"[worker-us-central1-searchCourses-887b9c9e-55e7-4a79-94c5-cc1de054aa91]: IDLE"}}
[debug] [2024-06-11T01:11:46.277Z] Finishing up request with event=finish {"metadata":{"emulator":{"name":"functions"},"function":{"name":"us-central1-searchCourses"},"extension":{},"message":"Finishing up request with event=finish"}}
[debug] [2024-06-11T01:11:46.277Z] Finishing up request with event=close {"metadata":{"emulator":{"name":"functions"},"function":{"name":"us-central1-searchCourses"},"extension":{},"message":"Finishing up request with event=close"}}
[debug] [2024-06-11T01:11:46.278Z] [work-queue] {"queuedWork":[],"queueLength":0,"runningWork":[],"workRunningCount":0}
[debug] [2024-06-11T01:11:56.797Z] [work-queue] {"queuedWork":["/leaguelink-35ecc/us-central1/searchCourses-2024-06-11T01:11:56.797Z"],"queueLength":1,"runningWork":[],"workRunningCount":0}
[debug] [2024-06-11T01:11:56.797Z] [work-queue] {"queuedWork":[],"queueLength":0,"runningWork":["/leaguelink-35ecc/us-central1/searchCourses-2024-06-11T01:11:56.797Z"],"workRunningCount":1}
[debug] [2024-06-11T01:11:56.797Z] Accepted request OPTIONS /leaguelink-35ecc/us-central1/searchCourses --> us-central1-searchCourses
[debug] [2024-06-11T01:11:56.799Z] [functions] Runtime ready! Sending request! {"metadata":{"emulator":{"name":"functions"},"message":"[functions] Runtime ready! Sending request!"}}
[debug] [2024-06-11T01:11:56.799Z] [functions] Got req.url=/leaguelink-35ecc/us-central1/searchCourses, mapping to path=/ {"metadata":{"emulator":{"name":"functions"},"message":"[functions] Got req.url=/leaguelink-35ecc/us-central1/searchCourses, mapping to path=/"}}
[debug] [2024-06-11T01:11:56.799Z] [worker-pool] submitRequest(triggerId=us-central1-searchCourses) {"metadata":{"emulator":{"name":"functions"},"message":"[worker-pool] submitRequest(triggerId=us-central1-searchCourses)"}}
[info] i  functions: Beginning execution of "us-central1-searchCourses" {"metadata":{"emulator":{"name":"functions"},"function":{"name":"us-central1-searchCourses"},"extension":{},"message":"Beginning execution of \"us-central1-searchCourses\""}}
[debug] [2024-06-11T01:11:56.799Z] [worker-us-central1-searchCourses-887b9c9e-55e7-4a79-94c5-cc1de054aa91]: BUSY {"metadata":{"emulator":{"name":"functions"},"function":{"name":"us-central1-searchCourses"},"extension":{},"message":"[worker-us-central1-searchCourses-887b9c9e-55e7-4a79-94c5-cc1de054aa91]: BUSY"}}
[debug] [2024-06-11T01:11:56.802Z] Finishing up request with event=pause {"metadata":{"emulator":{"name":"functions"},"function":{"name":"us-central1-searchCourses"},"extension":{},"message":"Finishing up request with event=pause"}}
[info] i  functions: Finished "us-central1-searchCourses" in 2.2885ms {"metadata":{"emulator":{"name":"functions"},"function":{"name":"us-central1-searchCourses"},"extension":{},"message":"Finished \"us-central1-searchCourses\" in 2.2885ms"}}
[debug] [2024-06-11T01:11:56.802Z] [worker-us-central1-searchCourses-887b9c9e-55e7-4a79-94c5-cc1de054aa91]: IDLE {"metadata":{"emulator":{"name":"functions"},"function":{"name":"us-central1-searchCourses"},"extension":{},"message":"[worker-us-central1-searchCourses-887b9c9e-55e7-4a79-94c5-cc1de054aa91]: IDLE"}}
[debug] [2024-06-11T01:11:56.802Z] Finishing up request with event=finish {"metadata":{"emulator":{"name":"functions"},"function":{"name":"us-central1-searchCourses"},"extension":{},"message":"Finishing up request with event=finish"}}
[debug] [2024-06-11T01:11:56.802Z] Finishing up request with event=close {"metadata":{"emulator":{"name":"functions"},"function":{"name":"us-central1-searchCourses"},"extension":{},"message":"Finishing up request with event=close"}}
[debug] [2024-06-11T01:11:56.802Z] [work-queue] {"queuedWork":[],"queueLength":0,"runningWork":[],"workRunningCount":0}
[debug] [2024-06-11T01:11:56.803Z] [work-queue] {"queuedWork":["/leaguelink-35ecc/us-central1/searchCourses-2024-06-11T01:11:56.803Z"],"queueLength":1,"runningWork":[],"workRunningCount":0}
[debug] [2024-06-11T01:11:56.803Z] [work-queue] {"queuedWork":[],"queueLength":0,"runningWork":["/leaguelink-35ecc/us-central1/searchCourses-2024-06-11T01:11:56.803Z"],"workRunningCount":1}
[debug] [2024-06-11T01:11:56.803Z] Accepted request POST /leaguelink-35ecc/us-central1/searchCourses --> us-central1-searchCourses
[debug] [2024-06-11T01:11:56.804Z] [functions] Runtime ready! Sending request! {"metadata":{"emulator":{"name":"functions"},"message":"[functions] Runtime ready! Sending request!"}}
[debug] [2024-06-11T01:11:56.804Z] [functions] Got req.url=/leaguelink-35ecc/us-central1/searchCourses, mapping to path=/ {"metadata":{"emulator":{"name":"functions"},"message":"[functions] Got req.url=/leaguelink-35ecc/us-central1/searchCourses, mapping to path=/"}}
[debug] [2024-06-11T01:11:56.805Z] [worker-pool] submitRequest(triggerId=us-central1-searchCourses) {"metadata":{"emulator":{"name":"functions"},"message":"[worker-pool] submitRequest(triggerId=us-central1-searchCourses)"}}
[info] i  functions: Beginning execution of "us-central1-searchCourses" {"metadata":{"emulator":{"name":"functions"},"function":{"name":"us-central1-searchCourses"},"extension":{},"message":"Beginning execution of \"us-central1-searchCourses\""}}
[debug] [2024-06-11T01:11:56.805Z] [worker-us-central1-searchCourses-887b9c9e-55e7-4a79-94c5-cc1de054aa91]: BUSY {"metadata":{"emulator":{"name":"functions"},"function":{"name":"us-central1-searchCourses"},"extension":{},"message":"[worker-us-central1-searchCourses-887b9c9e-55e7-4a79-94c5-cc1de054aa91]: BUSY"}}
[info] >  {"verifications":{"app":"MISSING","auth":"VALID"},"logging.googleapis.com/labels":{"firebase-log-type":"callable-request-verification"},"severity":"DEBUG","message":"Callable request verification passed"} {"user":{"verifications":{"app":"MISSING","auth":"VALID"},"logging.googleapis.com/labels":{"firebase-log-type":"callable-request-verification"},"severity":"DEBUG","message":"Callable request verification passed"},"metadata":{"emulator":{"name":"functions"},"function":{"name":"us-central1-searchCourses"},"extension":{},"message":"\u001b[90m> \u001b[39m {\"verifications\":{\"app\":\"MISSING\",\"auth\":\"VALID\"},\"logging.googleapis.com/labels\":{\"firebase-log-type\":\"callable-request-verification\"},\"severity\":\"DEBUG\",\"message\":\"Callable request verification passed\"}"}}
[debug] [2024-06-11T01:11:56.854Z] [work-queue] {"queuedWork":["/leaguelink-35ecc/us-central1/searchCourses-2024-06-11T01:11:56.854Z"],"queueLength":1,"runningWork":["/leaguelink-35ecc/us-central1/searchCourses-2024-06-11T01:11:56.803Z"],"workRunningCount":1}
[debug] [2024-06-11T01:11:56.855Z] [work-queue] {"queuedWork":[],"queueLength":0,"runningWork":["/leaguelink-35ecc/us-central1/searchCourses-2024-06-11T01:11:56.803Z","/leaguelink-35ecc/us-central1/searchCourses-2024-06-11T01:11:56.854Z"],"workRunningCount":2}
[debug] [2024-06-11T01:11:56.855Z] Accepted request POST /leaguelink-35ecc/us-central1/searchCourses --> us-central1-searchCourses
[debug] [2024-06-11T01:11:56.857Z] [functions] Runtime ready! Sending request! {"metadata":{"emulator":{"name":"functions"},"message":"[functions] Runtime ready! Sending request!"}}
[debug] [2024-06-11T01:11:56.857Z] [functions] Got req.url=/leaguelink-35ecc/us-central1/searchCourses, mapping to path=/ {"metadata":{"emulator":{"name":"functions"},"message":"[functions] Got req.url=/leaguelink-35ecc/us-central1/searchCourses, mapping to path=/"}}
[debug] [2024-06-11T01:11:56.863Z] [worker-pool] addWorker(us-central1-searchCourses) {"metadata":{"emulator":{"name":"functions"},"message":"[worker-pool] addWorker(us-central1-searchCourses)"}}
[debug] [2024-06-11T01:11:56.863Z] [worker-pool] Adding worker with key us-central1-searchCourses, total=2 {"metadata":{"emulator":{"name":"functions"},"message":"[worker-pool] Adding worker with key us-central1-searchCourses, total=2"}}
[debug] [2024-06-11T01:11:56.912Z] [work-queue] {"queuedWork":["/leaguelink-35ecc/us-central1/searchCourses-2024-06-11T01:11:56.912Z"],"queueLength":1,"runningWork":["/leaguelink-35ecc/us-central1/searchCourses-2024-06-11T01:11:56.803Z","/leaguelink-35ecc/us-central1/searchCourses-2024-06-11T01:11:56.854Z"],"workRunningCount":2}
[debug] [2024-06-11T01:11:56.912Z] [work-queue] {"queuedWork":[],"queueLength":0,"runningWork":["/leaguelink-35ecc/us-central1/searchCourses-2024-06-11T01:11:56.803Z","/leaguelink-35ecc/us-central1/searchCourses-2024-06-11T01:11:56.854Z","/leaguelink-35ecc/us-central1/searchCourses-2024-06-11T01:11:56.912Z"],"workRunningCount":3}
[debug] [2024-06-11T01:11:56.912Z] Accepted request POST /leaguelink-35ecc/us-central1/searchCourses --> us-central1-searchCourses
[debug] [2024-06-11T01:11:56.913Z] [functions] Runtime ready! Sending request! {"metadata":{"emulator":{"name":"functions"},"message":"[functions] Runtime ready! Sending request!"}}
[debug] [2024-06-11T01:11:56.913Z] [functions] Got req.url=/leaguelink-35ecc/us-central1/searchCourses, mapping to path=/ {"metadata":{"emulator":{"name":"functions"},"message":"[functions] Got req.url=/leaguelink-35ecc/us-central1/searchCourses, mapping to path=/"}}
[debug] [2024-06-11T01:11:56.919Z] [worker-pool] addWorker(us-central1-searchCourses) {"metadata":{"emulator":{"name":"functions"},"message":"[worker-pool] addWorker(us-central1-searchCourses)"}}
[debug] [2024-06-11T01:11:56.920Z] [worker-pool] Adding worker with key us-central1-searchCourses, total=3 {"metadata":{"emulator":{"name":"functions"},"message":"[worker-pool] Adding worker with key us-central1-searchCourses, total=3"}}
[debug] [2024-06-11T01:11:56.943Z] Finishing up request with event=pause {"metadata":{"emulator":{"name":"functions"},"function":{"name":"us-central1-searchCourses"},"extension":{},"message":"Finishing up request with event=pause"}}
[info] i  functions: Finished "us-central1-searchCourses" in 138.0601ms {"metadata":{"emulator":{"name":"functions"},"function":{"name":"us-central1-searchCourses"},"extension":{},"message":"Finished \"us-central1-searchCourses\" in 138.0601ms"}}
[debug] [2024-06-11T01:11:56.943Z] [worker-us-central1-searchCourses-887b9c9e-55e7-4a79-94c5-cc1de054aa91]: IDLE {"metadata":{"emulator":{"name":"functions"},"function":{"name":"us-central1-searchCourses"},"extension":{},"message":"[worker-us-central1-searchCourses-887b9c9e-55e7-4a79-94c5-cc1de054aa91]: IDLE"}}
[debug] [2024-06-11T01:11:56.943Z] Finishing up request with event=finish {"metadata":{"emulator":{"name":"functions"},"function":{"name":"us-central1-searchCourses"},"extension":{},"message":"Finishing up request with event=finish"}}
[debug] [2024-06-11T01:11:56.943Z] Finishing up request with event=close {"metadata":{"emulator":{"name":"functions"},"function":{"name":"us-central1-searchCourses"},"extension":{},"message":"Finishing up request with event=close"}}
[debug] [2024-06-11T01:11:56.944Z] [work-queue] {"queuedWork":[],"queueLength":0,"runningWork":["/leaguelink-35ecc/us-central1/searchCourses-2024-06-11T01:11:56.854Z","/leaguelink-35ecc/us-central1/searchCourses-2024-06-11T01:11:56.912Z"],"workRunningCount":2}
[info] >  (node:13348) [DEP0040] DeprecationWarning: The `punycode` module is deprecated. Please use a userland alternative instead. {"user":"(node:13348) [DEP0040] DeprecationWarning: The `punycode` module is deprecated. Please use a userland alternative instead.","metadata":{"emulator":{"name":"functions"},"function":{"name":"us-central1-searchCourses"},"extension":{},"message":"\u001b[90m> \u001b[39m (node:13348) [DEP0040] DeprecationWarning: The `punycode` module is deprecated. Please use a userland alternative instead."}}
[info] >  (Use `node --trace-deprecation ...` to show where the warning was created) {"user":"(Use `node --trace-deprecation ...` to show where the warning was created)","metadata":{"emulator":{"name":"functions"},"function":{"name":"us-central1-searchCourses"},"extension":{},"message":"\u001b[90m> \u001b[39m (Use `node --trace-deprecation ...` to show where the warning was created)"}}
[debug] [2024-06-11T01:11:57.786Z] [runtime-status] [13348] Resolved module firebase-admin {"declared":true,"installed":true,"version":"11.11.1","resolution":"C:\\Users\\desen\\workspace\\leaguelink\\functions\\node_modules\\firebase-admin\\lib\\index.js"} {"metadata":{"emulator":{"name":"functions"},"function":{"name":"us-central1-searchCourses"},"extension":{},"message":"[runtime-status] [13348] Resolved module firebase-admin {\"declared\":true,\"installed\":true,\"version\":\"11.11.1\",\"resolution\":\"C:\\\\Users\\\\desen\\\\workspace\\\\leaguelink\\\\functions\\\\node_modules\\\\firebase-admin\\\\lib\\\\index.js\"}"}}
[debug] [2024-06-11T01:11:57.788Z] [runtime-status] [13348] Resolved module firebase-functions {"declared":true,"installed":true,"version":"4.9.0","resolution":"C:\\Users\\desen\\workspace\\leaguelink\\functions\\node_modules\\firebase-functions\\lib\\v1\\index.js"} {"metadata":{"emulator":{"name":"functions"},"function":{"name":"us-central1-searchCourses"},"extension":{},"message":"[runtime-status] [13348] Resolved module firebase-functions {\"declared\":true,\"installed\":true,\"version\":\"4.9.0\",\"resolution\":\"C:\\\\Users\\\\desen\\\\workspace\\\\leaguelink\\\\functions\\\\node_modules\\\\firebase-functions\\\\lib\\\\v1\\\\index.js\"}"}}
[debug] [2024-06-11T01:11:57.788Z] [runtime-status] [13348] Outgoing network have been stubbed. [{"name":"http","status":"mocked"},{"name":"http","status":"mocked"},{"name":"https","status":"mocked"},{"name":"https","status":"mocked"},{"name":"net","status":"mocked"}] {"metadata":{"emulator":{"name":"functions"},"function":{"name":"us-central1-searchCourses"},"extension":{},"message":"[runtime-status] [13348] Outgoing network have been stubbed. [{\"name\":\"http\",\"status\":\"mocked\"},{\"name\":\"http\",\"status\":\"mocked\"},{\"name\":\"https\",\"status\":\"mocked\"},{\"name\":\"https\",\"status\":\"mocked\"},{\"name\":\"net\",\"status\":\"mocked\"}]"}}
[debug] [2024-06-11T01:11:57.788Z] [runtime-status] [13348] Resolved module firebase-functions {"declared":true,"installed":true,"version":"4.9.0","resolution":"C:\\Users\\desen\\workspace\\leaguelink\\functions\\node_modules\\firebase-functions\\lib\\v1\\index.js"} {"metadata":{"emulator":{"name":"functions"},"function":{"name":"us-central1-searchCourses"},"extension":{},"message":"[runtime-status] [13348] Resolved module firebase-functions {\"declared\":true,\"installed\":true,\"version\":\"4.9.0\",\"resolution\":\"C:\\\\Users\\\\desen\\\\workspace\\\\leaguelink\\\\functions\\\\node_modules\\\\firebase-functions\\\\lib\\\\v1\\\\index.js\"}"}}
[info] >  (node:31792) [DEP0040] DeprecationWarning: The `punycode` module is deprecated. Please use a userland alternative instead. {"user":"(node:31792) [DEP0040] DeprecationWarning: The `punycode` module is deprecated. Please use a userland alternative instead.","metadata":{"emulator":{"name":"functions"},"function":{"name":"us-central1-searchCourses"},"extension":{},"message":"\u001b[90m> \u001b[39m (node:31792) [DEP0040] DeprecationWarning: The `punycode` module is deprecated. Please use a userland alternative instead."}}
[info] >  (Use `node --trace-deprecation ...` to show where the warning was created) {"user":"(Use `node --trace-deprecation ...` to show where the warning was created)","metadata":{"emulator":{"name":"functions"},"function":{"name":"us-central1-searchCourses"},"extension":{},"message":"\u001b[90m> \u001b[39m (Use `node --trace-deprecation ...` to show where the warning was created)"}}
[debug] [2024-06-11T01:11:57.824Z] [runtime-status] [31792] Resolved module firebase-admin {"declared":true,"installed":true,"version":"11.11.1","resolution":"C:\\Users\\desen\\workspace\\leaguelink\\functions\\node_modules\\firebase-admin\\lib\\index.js"} {"metadata":{"emulator":{"name":"functions"},"function":{"name":"us-central1-searchCourses"},"extension":{},"message":"[runtime-status] [31792] Resolved module firebase-admin {\"declared\":true,\"installed\":true,\"version\":\"11.11.1\",\"resolution\":\"C:\\\\Users\\\\desen\\\\workspace\\\\leaguelink\\\\functions\\\\node_modules\\\\firebase-admin\\\\lib\\\\index.js\"}"}}
[debug] [2024-06-11T01:11:57.825Z] [runtime-status] [31792] Resolved module firebase-functions {"declared":true,"installed":true,"version":"4.9.0","resolution":"C:\\Users\\desen\\workspace\\leaguelink\\functions\\node_modules\\firebase-functions\\lib\\v1\\index.js"} {"metadata":{"emulator":{"name":"functions"},"function":{"name":"us-central1-searchCourses"},"extension":{},"message":"[runtime-status] [31792] Resolved module firebase-functions {\"declared\":true,\"installed\":true,\"version\":\"4.9.0\",\"resolution\":\"C:\\\\Users\\\\desen\\\\workspace\\\\leaguelink\\\\functions\\\\node_modules\\\\firebase-functions\\\\lib\\\\v1\\\\index.js\"}"}}
[debug] [2024-06-11T01:11:57.825Z] [runtime-status] [31792] Outgoing network have been stubbed. [{"name":"http","status":"mocked"},{"name":"http","status":"mocked"},{"name":"https","status":"mocked"},{"name":"https","status":"mocked"},{"name":"net","status":"mocked"}] {"metadata":{"emulator":{"name":"functions"},"function":{"name":"us-central1-searchCourses"},"extension":{},"message":"[runtime-status] [31792] Outgoing network have been stubbed. [{\"name\":\"http\",\"status\":\"mocked\"},{\"name\":\"http\",\"status\":\"mocked\"},{\"name\":\"https\",\"status\":\"mocked\"},{\"name\":\"https\",\"status\":\"mocked\"},{\"name\":\"net\",\"status\":\"mocked\"}]"}}
[debug] [2024-06-11T01:11:57.826Z] [runtime-status] [31792] Resolved module firebase-functions {"declared":true,"installed":true,"version":"4.9.0","resolution":"C:\\Users\\desen\\workspace\\leaguelink\\functions\\node_modules\\firebase-functions\\lib\\v1\\index.js"} {"metadata":{"emulator":{"name":"functions"},"function":{"name":"us-central1-searchCourses"},"extension":{},"message":"[runtime-status] [31792] Resolved module firebase-functions {\"declared\":true,\"installed\":true,\"version\":\"4.9.0\",\"resolution\":\"C:\\\\Users\\\\desen\\\\workspace\\\\leaguelink\\\\functions\\\\node_modules\\\\firebase-functions\\\\lib\\\\v1\\\\index.js\"}"}}
[debug] [2024-06-11T01:11:57.969Z] [runtime-status] [13348] Checked functions.config() {"config":{}} {"metadata":{"emulator":{"name":"functions"},"function":{"name":"us-central1-searchCourses"},"extension":{},"message":"[runtime-status] [13348] Checked functions.config() {\"config\":{}}"}}
[debug] [2024-06-11T01:11:57.970Z] [runtime-status] [13348] firebase-functions has been stubbed. {"functionsResolution":{"declared":true,"installed":true,"version":"4.9.0","resolution":"C:\\Users\\desen\\workspace\\leaguelink\\functions\\node_modules\\firebase-functions\\lib\\v1\\index.js"}} {"metadata":{"emulator":{"name":"functions"},"function":{"name":"us-central1-searchCourses"},"extension":{},"message":"[runtime-status] [13348] firebase-functions has been stubbed. {\"functionsResolution\":{\"declared\":true,\"installed\":true,\"version\":\"4.9.0\",\"resolution\":\"C:\\\\Users\\\\desen\\\\workspace\\\\leaguelink\\\\functions\\\\node_modules\\\\firebase-functions\\\\lib\\\\v1\\\\index.js\"}}"}}
[debug] [2024-06-11T01:11:57.970Z] [runtime-status] [13348] Resolved module firebase-functions {"declared":true,"installed":true,"version":"4.9.0","resolution":"C:\\Users\\desen\\workspace\\leaguelink\\functions\\node_modules\\firebase-functions\\lib\\v1\\index.js"} {"metadata":{"emulator":{"name":"functions"},"function":{"name":"us-central1-searchCourses"},"extension":{},"message":"[runtime-status] [13348] Resolved module firebase-functions {\"declared\":true,\"installed\":true,\"version\":\"4.9.0\",\"resolution\":\"C:\\\\Users\\\\desen\\\\workspace\\\\leaguelink\\\\functions\\\\node_modules\\\\firebase-functions\\\\lib\\\\v1\\\\index.js\"}"}}
[debug] [2024-06-11T01:11:57.971Z] [runtime-status] [13348] Resolved module firebase-admin {"declared":true,"installed":true,"version":"11.11.1","resolution":"C:\\Users\\desen\\workspace\\leaguelink\\functions\\node_modules\\firebase-admin\\lib\\index.js"} {"metadata":{"emulator":{"name":"functions"},"function":{"name":"us-central1-searchCourses"},"extension":{},"message":"[runtime-status] [13348] Resolved module firebase-admin {\"declared\":true,\"installed\":true,\"version\":\"11.11.1\",\"resolution\":\"C:\\\\Users\\\\desen\\\\workspace\\\\leaguelink\\\\functions\\\\node_modules\\\\firebase-admin\\\\lib\\\\index.js\"}"}}
[debug] [2024-06-11T01:11:57.972Z] [runtime-status] [13348] Resolved module firebase-functions {"declared":true,"installed":true,"version":"4.9.0","resolution":"C:\\Users\\desen\\workspace\\leaguelink\\functions\\node_modules\\firebase-functions\\lib\\v1\\index.js"} {"metadata":{"emulator":{"name":"functions"},"function":{"name":"us-central1-searchCourses"},"extension":{},"message":"[runtime-status] [13348] Resolved module firebase-functions {\"declared\":true,\"installed\":true,\"version\":\"4.9.0\",\"resolution\":\"C:\\\\Users\\\\desen\\\\workspace\\\\leaguelink\\\\functions\\\\node_modules\\\\firebase-functions\\\\lib\\\\v1\\\\index.js\"}"}}
[debug] [2024-06-11T01:11:57.972Z] [runtime-status] [13348] firebase-admin has been stubbed. {"adminResolution":{"declared":true,"installed":true,"version":"11.11.1","resolution":"C:\\Users\\desen\\workspace\\leaguelink\\functions\\node_modules\\firebase-admin\\lib\\index.js"}} {"metadata":{"emulator":{"name":"functions"},"function":{"name":"us-central1-searchCourses"},"extension":{},"message":"[runtime-status] [13348] firebase-admin has been stubbed. {\"adminResolution\":{\"declared\":true,\"installed\":true,\"version\":\"11.11.1\",\"resolution\":\"C:\\\\Users\\\\desen\\\\workspace\\\\leaguelink\\\\functions\\\\node_modules\\\\firebase-admin\\\\lib\\\\index.js\"}}"}}
[debug] [2024-06-11T01:11:57.998Z] [runtime-status] [13348] Functions runtime initialized. {"cwd":"C:\\Users\\desen\\workspace\\leaguelink\\functions","node_version":"21.4.0"} {"metadata":{"emulator":{"name":"functions"},"function":{"name":"us-central1-searchCourses"},"extension":{},"message":"[runtime-status] [13348] Functions runtime initialized. {\"cwd\":\"C:\\\\Users\\\\desen\\\\workspace\\\\leaguelink\\\\functions\",\"node_version\":\"21.4.0\"}"}}
[debug] [2024-06-11T01:11:57.998Z] [runtime-status] [13348] Listening to port: \\?\pipe\fire_emu_1512f691e5ea936f {"metadata":{"emulator":{"name":"functions"},"function":{"name":"us-central1-searchCourses"},"extension":{},"message":"[runtime-status] [13348] Listening to port: \\\\?\\pipe\\fire_emu_1512f691e5ea936f"}}
[debug] [2024-06-11T01:11:58.007Z] [runtime-status] [31792] Checked functions.config() {"config":{}} {"metadata":{"emulator":{"name":"functions"},"function":{"name":"us-central1-searchCourses"},"extension":{},"message":"[runtime-status] [31792] Checked functions.config() {\"config\":{}}"}}
[debug] [2024-06-11T01:11:58.007Z] [runtime-status] [31792] firebase-functions has been stubbed. {"functionsResolution":{"declared":true,"installed":true,"version":"4.9.0","resolution":"C:\\Users\\desen\\workspace\\leaguelink\\functions\\node_modules\\firebase-functions\\lib\\v1\\index.js"}} {"metadata":{"emulator":{"name":"functions"},"function":{"name":"us-central1-searchCourses"},"extension":{},"message":"[runtime-status] [31792] firebase-functions has been stubbed. {\"functionsResolution\":{\"declared\":true,\"installed\":true,\"version\":\"4.9.0\",\"resolution\":\"C:\\\\Users\\\\desen\\\\workspace\\\\leaguelink\\\\functions\\\\node_modules\\\\firebase-functions\\\\lib\\\\v1\\\\index.js\"}}"}}
[debug] [2024-06-11T01:11:58.008Z] [runtime-status] [31792] Resolved module firebase-functions {"declared":true,"installed":true,"version":"4.9.0","resolution":"C:\\Users\\desen\\workspace\\leaguelink\\functions\\node_modules\\firebase-functions\\lib\\v1\\index.js"} {"metadata":{"emulator":{"name":"functions"},"function":{"name":"us-central1-searchCourses"},"extension":{},"message":"[runtime-status] [31792] Resolved module firebase-functions {\"declared\":true,\"installed\":true,\"version\":\"4.9.0\",\"resolution\":\"C:\\\\Users\\\\desen\\\\workspace\\\\leaguelink\\\\functions\\\\node_modules\\\\firebase-functions\\\\lib\\\\v1\\\\index.js\"}"}}
[debug] [2024-06-11T01:11:58.008Z] [runtime-status] [31792] Resolved module firebase-admin {"declared":true,"installed":true,"version":"11.11.1","resolution":"C:\\Users\\desen\\workspace\\leaguelink\\functions\\node_modules\\firebase-admin\\lib\\index.js"} {"metadata":{"emulator":{"name":"functions"},"function":{"name":"us-central1-searchCourses"},"extension":{},"message":"[runtime-status] [31792] Resolved module firebase-admin {\"declared\":true,\"installed\":true,\"version\":\"11.11.1\",\"resolution\":\"C:\\\\Users\\\\desen\\\\workspace\\\\leaguelink\\\\functions\\\\node_modules\\\\firebase-admin\\\\lib\\\\index.js\"}"}}
[debug] [2024-06-11T01:11:58.010Z] [runtime-status] [31792] Resolved module firebase-functions {"declared":true,"installed":true,"version":"4.9.0","resolution":"C:\\Users\\desen\\workspace\\leaguelink\\functions\\node_modules\\firebase-functions\\lib\\v1\\index.js"} {"metadata":{"emulator":{"name":"functions"},"function":{"name":"us-central1-searchCourses"},"extension":{},"message":"[runtime-status] [31792] Resolved module firebase-functions {\"declared\":true,\"installed\":true,\"version\":\"4.9.0\",\"resolution\":\"C:\\\\Users\\\\desen\\\\workspace\\\\leaguelink\\\\functions\\\\node_modules\\\\firebase-functions\\\\lib\\\\v1\\\\index.js\"}"}}
[debug] [2024-06-11T01:11:58.010Z] [runtime-status] [31792] firebase-admin has been stubbed. {"adminResolution":{"declared":true,"installed":true,"version":"11.11.1","resolution":"C:\\Users\\desen\\workspace\\leaguelink\\functions\\node_modules\\firebase-admin\\lib\\index.js"}} {"metadata":{"emulator":{"name":"functions"},"function":{"name":"us-central1-searchCourses"},"extension":{},"message":"[runtime-status] [31792] firebase-admin has been stubbed. {\"adminResolution\":{\"declared\":true,\"installed\":true,\"version\":\"11.11.1\",\"resolution\":\"C:\\\\Users\\\\desen\\\\workspace\\\\leaguelink\\\\functions\\\\node_modules\\\\firebase-admin\\\\lib\\\\index.js\"}}"}}
[debug] [2024-06-11T01:11:58.035Z] [runtime-status] [31792] Functions runtime initialized. {"cwd":"C:\\Users\\desen\\workspace\\leaguelink\\functions","node_version":"21.4.0"} {"metadata":{"emulator":{"name":"functions"},"function":{"name":"us-central1-searchCourses"},"extension":{},"message":"[runtime-status] [31792] Functions runtime initialized. {\"cwd\":\"C:\\\\Users\\\\desen\\\\workspace\\\\leaguelink\\\\functions\",\"node_version\":\"21.4.0\"}"}}
[debug] [2024-06-11T01:11:58.035Z] [runtime-status] [31792] Listening to port: \\?\pipe\fire_emu_03f695dc74708909 {"metadata":{"emulator":{"name":"functions"},"function":{"name":"us-central1-searchCourses"},"extension":{},"message":"[runtime-status] [31792] Listening to port: \\\\?\\pipe\\fire_emu_03f695dc74708909"}}
[debug] [2024-06-11T01:11:58.077Z] [worker-us-central1-searchCourses-daee6765-6587-4c15-9df7-b4b3c0cd4f66]: IDLE {"metadata":{"emulator":{"name":"functions"},"function":{"name":"us-central1-searchCourses"},"extension":{},"message":"[worker-us-central1-searchCourses-daee6765-6587-4c15-9df7-b4b3c0cd4f66]: IDLE"}}
[debug] [2024-06-11T01:11:58.077Z] [worker-pool] submitRequest(triggerId=us-central1-searchCourses) {"metadata":{"emulator":{"name":"functions"},"message":"[worker-pool] submitRequest(triggerId=us-central1-searchCourses)"}}
[info] i  functions: Beginning execution of "us-central1-searchCourses" {"metadata":{"emulator":{"name":"functions"},"function":{"name":"us-central1-searchCourses"},"extension":{},"message":"Beginning execution of \"us-central1-searchCourses\""}}
[debug] [2024-06-11T01:11:58.077Z] [worker-us-central1-searchCourses-887b9c9e-55e7-4a79-94c5-cc1de054aa91]: BUSY {"metadata":{"emulator":{"name":"functions"},"function":{"name":"us-central1-searchCourses"},"extension":{},"message":"[worker-us-central1-searchCourses-887b9c9e-55e7-4a79-94c5-cc1de054aa91]: BUSY"}}
[info] >  {"verifications":{"app":"MISSING","auth":"VALID"},"logging.googleapis.com/labels":{"firebase-log-type":"callable-request-verification"},"severity":"DEBUG","message":"Callable request verification passed"} {"user":{"verifications":{"app":"MISSING","auth":"VALID"},"logging.googleapis.com/labels":{"firebase-log-type":"callable-request-verification"},"severity":"DEBUG","message":"Callable request verification passed"},"metadata":{"emulator":{"name":"functions"},"function":{"name":"us-central1-searchCourses"},"extension":{},"message":"\u001b[90m> \u001b[39m {\"verifications\":{\"app\":\"MISSING\",\"auth\":\"VALID\"},\"logging.googleapis.com/labels\":{\"firebase-log-type\":\"callable-request-verification\"},\"severity\":\"DEBUG\",\"message\":\"Callable request verification passed\"}"}}
[debug] [2024-06-11T01:11:58.124Z] [worker-us-central1-searchCourses-27c4b184-8271-4775-9b00-84a7c1547cec]: IDLE {"metadata":{"emulator":{"name":"functions"},"function":{"name":"us-central1-searchCourses"},"extension":{},"message":"[worker-us-central1-searchCourses-27c4b184-8271-4775-9b00-84a7c1547cec]: IDLE"}}
[debug] [2024-06-11T01:11:58.124Z] [worker-pool] submitRequest(triggerId=us-central1-searchCourses) {"metadata":{"emulator":{"name":"functions"},"message":"[worker-pool] submitRequest(triggerId=us-central1-searchCourses)"}}
[info] i  functions: Beginning execution of "us-central1-searchCourses" {"metadata":{"emulator":{"name":"functions"},"function":{"name":"us-central1-searchCourses"},"extension":{},"message":"Beginning execution of \"us-central1-searchCourses\""}}
[debug] [2024-06-11T01:11:58.124Z] [worker-us-central1-searchCourses-daee6765-6587-4c15-9df7-b4b3c0cd4f66]: BUSY {"metadata":{"emulator":{"name":"functions"},"function":{"name":"us-central1-searchCourses"},"extension":{},"message":"[worker-us-central1-searchCourses-daee6765-6587-4c15-9df7-b4b3c0cd4f66]: BUSY"}}
[info] >  {"verifications":{"app":"MISSING","auth":"VALID"},"logging.googleapis.com/labels":{"firebase-log-type":"callable-request-verification"},"severity":"DEBUG","message":"Callable request verification passed"} {"user":{"verifications":{"app":"MISSING","auth":"VALID"},"logging.googleapis.com/labels":{"firebase-log-type":"callable-request-verification"},"severity":"DEBUG","message":"Callable request verification passed"},"metadata":{"emulator":{"name":"functions"},"function":{"name":"us-central1-searchCourses"},"extension":{},"message":"\u001b[90m> \u001b[39m {\"verifications\":{\"app\":\"MISSING\",\"auth\":\"VALID\"},\"logging.googleapis.com/labels\":{\"firebase-log-type\":\"callable-request-verification\"},\"severity\":\"DEBUG\",\"message\":\"Callable request verification passed\"}"}}
[debug] [2024-06-11T01:11:58.154Z] Finishing up request with event=pause {"metadata":{"emulator":{"name":"functions"},"function":{"name":"us-central1-searchCourses"},"extension":{},"message":"Finishing up request with event=pause"}}
[info] i  functions: Finished "us-central1-searchCourses" in 77.3339ms {"metadata":{"emulator":{"name":"functions"},"function":{"name":"us-central1-searchCourses"},"extension":{},"message":"Finished \"us-central1-searchCourses\" in 77.3339ms"}}
[debug] [2024-06-11T01:11:58.155Z] [worker-us-central1-searchCourses-887b9c9e-55e7-4a79-94c5-cc1de054aa91]: IDLE {"metadata":{"emulator":{"name":"functions"},"function":{"name":"us-central1-searchCourses"},"extension":{},"message":"[worker-us-central1-searchCourses-887b9c9e-55e7-4a79-94c5-cc1de054aa91]: IDLE"}}
[debug] [2024-06-11T01:11:58.155Z] Finishing up request with event=finish {"metadata":{"emulator":{"name":"functions"},"function":{"name":"us-central1-searchCourses"},"extension":{},"message":"Finishing up request with event=finish"}}
[debug] [2024-06-11T01:11:58.155Z] Finishing up request with event=close {"metadata":{"emulator":{"name":"functions"},"function":{"name":"us-central1-searchCourses"},"extension":{},"message":"Finishing up request with event=close"}}
[debug] [2024-06-11T01:11:58.155Z] [work-queue] {"queuedWork":[],"queueLength":0,"runningWork":["/leaguelink-35ecc/us-central1/searchCourses-2024-06-11T01:11:56.912Z"],"workRunningCount":1}
[debug] [2024-06-11T01:11:58.863Z] Finishing up request with event=pause {"metadata":{"emulator":{"name":"functions"},"function":{"name":"us-central1-searchCourses"},"extension":{},"message":"Finishing up request with event=pause"}}
[info] i  functions: Finished "us-central1-searchCourses" in 738.4336ms {"metadata":{"emulator":{"name":"functions"},"function":{"name":"us-central1-searchCourses"},"extension":{},"message":"Finished \"us-central1-searchCourses\" in 738.4336ms"}}
[debug] [2024-06-11T01:11:58.863Z] [worker-us-central1-searchCourses-daee6765-6587-4c15-9df7-b4b3c0cd4f66]: IDLE {"metadata":{"emulator":{"name":"functions"},"function":{"name":"us-central1-searchCourses"},"extension":{},"message":"[worker-us-central1-searchCourses-daee6765-6587-4c15-9df7-b4b3c0cd4f66]: IDLE"}}
[debug] [2024-06-11T01:11:58.864Z] Finishing up request with event=finish {"metadata":{"emulator":{"name":"functions"},"function":{"name":"us-central1-searchCourses"},"extension":{},"message":"Finishing up request with event=finish"}}
[debug] [2024-06-11T01:11:58.864Z] Finishing up request with event=close {"metadata":{"emulator":{"name":"functions"},"function":{"name":"us-central1-searchCourses"},"extension":{},"message":"Finishing up request with event=close"}}
[debug] [2024-06-11T01:11:58.864Z] [work-queue] {"queuedWork":[],"queueLength":0,"runningWork":[],"workRunningCount":0}
[debug] [2024-06-11T03:41:43.700Z] [work-queue] {"queuedWork":["/leaguelink-35ecc/us-central1/searchCourses-2024-06-11T03:41:43.700Z"],"queueLength":1,"runningWork":[],"workRunningCount":0}
[debug] [2024-06-11T03:41:43.700Z] [work-queue] {"queuedWork":[],"queueLength":0,"runningWork":["/leaguelink-35ecc/us-central1/searchCourses-2024-06-11T03:41:43.700Z"],"workRunningCount":1}
[debug] [2024-06-11T03:41:43.700Z] Accepted request OPTIONS /leaguelink-35ecc/us-central1/searchCourses --> us-central1-searchCourses
[debug] [2024-06-11T03:41:43.703Z] [functions] Runtime ready! Sending request! {"metadata":{"emulator":{"name":"functions"},"message":"[functions] Runtime ready! Sending request!"}}
[debug] [2024-06-11T03:41:43.703Z] [functions] Got req.url=/leaguelink-35ecc/us-central1/searchCourses, mapping to path=/ {"metadata":{"emulator":{"name":"functions"},"message":"[functions] Got req.url=/leaguelink-35ecc/us-central1/searchCourses, mapping to path=/"}}
[debug] [2024-06-11T03:41:43.703Z] [worker-pool] submitRequest(triggerId=us-central1-searchCourses) {"metadata":{"emulator":{"name":"functions"},"message":"[worker-pool] submitRequest(triggerId=us-central1-searchCourses)"}}
[info] i  functions: Beginning execution of "us-central1-searchCourses" {"metadata":{"emulator":{"name":"functions"},"function":{"name":"us-central1-searchCourses"},"extension":{},"message":"Beginning execution of \"us-central1-searchCourses\""}}
[debug] [2024-06-11T03:41:43.704Z] [worker-us-central1-searchCourses-887b9c9e-55e7-4a79-94c5-cc1de054aa91]: BUSY {"metadata":{"emulator":{"name":"functions"},"function":{"name":"us-central1-searchCourses"},"extension":{},"message":"[worker-us-central1-searchCourses-887b9c9e-55e7-4a79-94c5-cc1de054aa91]: BUSY"}}
[debug] [2024-06-11T03:41:43.707Z] Finishing up request with event=pause {"metadata":{"emulator":{"name":"functions"},"function":{"name":"us-central1-searchCourses"},"extension":{},"message":"Finishing up request with event=pause"}}
[info] i  functions: Finished "us-central1-searchCourses" in 3.1668ms {"metadata":{"emulator":{"name":"functions"},"function":{"name":"us-central1-searchCourses"},"extension":{},"message":"Finished \"us-central1-searchCourses\" in 3.1668ms"}}
[debug] [2024-06-11T03:41:43.707Z] [worker-us-central1-searchCourses-887b9c9e-55e7-4a79-94c5-cc1de054aa91]: IDLE {"metadata":{"emulator":{"name":"functions"},"function":{"name":"us-central1-searchCourses"},"extension":{},"message":"[worker-us-central1-searchCourses-887b9c9e-55e7-4a79-94c5-cc1de054aa91]: IDLE"}}
[debug] [2024-06-11T03:41:43.708Z] Finishing up request with event=finish {"metadata":{"emulator":{"name":"functions"},"function":{"name":"us-central1-searchCourses"},"extension":{},"message":"Finishing up request with event=finish"}}
[debug] [2024-06-11T03:41:43.708Z] Finishing up request with event=close {"metadata":{"emulator":{"name":"functions"},"function":{"name":"us-central1-searchCourses"},"extension":{},"message":"Finishing up request with event=close"}}
[debug] [2024-06-11T03:41:43.708Z] [work-queue] {"queuedWork":[],"queueLength":0,"runningWork":[],"workRunningCount":0}
[debug] [2024-06-11T03:41:43.709Z] [work-queue] {"queuedWork":["/leaguelink-35ecc/us-central1/searchCourses-2024-06-11T03:41:43.709Z"],"queueLength":1,"runningWork":[],"workRunningCount":0}
[debug] [2024-06-11T03:41:43.709Z] [work-queue] {"queuedWork":[],"queueLength":0,"runningWork":["/leaguelink-35ecc/us-central1/searchCourses-2024-06-11T03:41:43.709Z"],"workRunningCount":1}
[debug] [2024-06-11T03:41:43.709Z] Accepted request POST /leaguelink-35ecc/us-central1/searchCourses --> us-central1-searchCourses
[debug] [2024-06-11T03:41:43.711Z] [functions] Runtime ready! Sending request! {"metadata":{"emulator":{"name":"functions"},"message":"[functions] Runtime ready! Sending request!"}}
[debug] [2024-06-11T03:41:43.711Z] [functions] Got req.url=/leaguelink-35ecc/us-central1/searchCourses, mapping to path=/ {"metadata":{"emulator":{"name":"functions"},"message":"[functions] Got req.url=/leaguelink-35ecc/us-central1/searchCourses, mapping to path=/"}}
[debug] [2024-06-11T03:41:43.711Z] [worker-pool] submitRequest(triggerId=us-central1-searchCourses) {"metadata":{"emulator":{"name":"functions"},"message":"[worker-pool] submitRequest(triggerId=us-central1-searchCourses)"}}
[info] i  functions: Beginning execution of "us-central1-searchCourses" {"metadata":{"emulator":{"name":"functions"},"function":{"name":"us-central1-searchCourses"},"extension":{},"message":"Beginning execution of \"us-central1-searchCourses\""}}
[debug] [2024-06-11T03:41:43.712Z] [worker-us-central1-searchCourses-887b9c9e-55e7-4a79-94c5-cc1de054aa91]: BUSY {"metadata":{"emulator":{"name":"functions"},"function":{"name":"us-central1-searchCourses"},"extension":{},"message":"[worker-us-central1-searchCourses-887b9c9e-55e7-4a79-94c5-cc1de054aa91]: BUSY"}}
[info] >  {"verifications":{"app":"MISSING","auth":"VALID"},"logging.googleapis.com/labels":{"firebase-log-type":"callable-request-verification"},"severity":"DEBUG","message":"Callable request verification passed"} {"user":{"verifications":{"app":"MISSING","auth":"VALID"},"logging.googleapis.com/labels":{"firebase-log-type":"callable-request-verification"},"severity":"DEBUG","message":"Callable request verification passed"},"metadata":{"emulator":{"name":"functions"},"function":{"name":"us-central1-searchCourses"},"extension":{},"message":"\u001b[90m> \u001b[39m {\"verifications\":{\"app\":\"MISSING\",\"auth\":\"VALID\"},\"logging.googleapis.com/labels\":{\"firebase-log-type\":\"callable-request-verification\"},\"severity\":\"DEBUG\",\"message\":\"Callable request verification passed\"}"}}
[debug] [2024-06-11T03:41:43.940Z] Finishing up request with event=pause {"metadata":{"emulator":{"name":"functions"},"function":{"name":"us-central1-searchCourses"},"extension":{},"message":"Finishing up request with event=pause"}}
[info] i  functions: Finished "us-central1-searchCourses" in 228.831ms {"metadata":{"emulator":{"name":"functions"},"function":{"name":"us-central1-searchCourses"},"extension":{},"message":"Finished \"us-central1-searchCourses\" in 228.831ms"}}
[debug] [2024-06-11T03:41:43.941Z] [worker-us-central1-searchCourses-887b9c9e-55e7-4a79-94c5-cc1de054aa91]: IDLE {"metadata":{"emulator":{"name":"functions"},"function":{"name":"us-central1-searchCourses"},"extension":{},"message":"[worker-us-central1-searchCourses-887b9c9e-55e7-4a79-94c5-cc1de054aa91]: IDLE"}}
[debug] [2024-06-11T03:41:43.942Z] Finishing up request with event=finish {"metadata":{"emulator":{"name":"functions"},"function":{"name":"us-central1-searchCourses"},"extension":{},"message":"Finishing up request with event=finish"}}
[debug] [2024-06-11T03:41:43.942Z] Finishing up request with event=close {"metadata":{"emulator":{"name":"functions"},"function":{"name":"us-central1-searchCourses"},"extension":{},"message":"Finishing up request with event=close"}}
[debug] [2024-06-11T03:41:43.942Z] [work-queue] {"queuedWork":[],"queueLength":0,"runningWork":[],"workRunningCount":0}
[debug] [2024-06-11T03:44:19.458Z] File C:\Users\desen\workspace\leaguelink\functions\lib\index.js.map changed, reloading triggers {"metadata":{"emulator":{"name":"functions"},"message":"File C:\\Users\\desen\\workspace\\leaguelink\\functions\\lib\\index.js.map changed, reloading triggers"}}
[debug] [2024-06-11T03:44:19.459Z] File C:\Users\desen\workspace\leaguelink\functions\lib\index.js changed, reloading triggers {"metadata":{"emulator":{"name":"functions"},"message":"File C:\\Users\\desen\\workspace\\leaguelink\\functions\\lib\\index.js changed, reloading triggers"}}
[debug] [2024-06-11T03:44:19.466Z] File C:\Users\desen\workspace\leaguelink\functions\lib\DiscGolf\uDiscFunctions.js.map changed, reloading triggers {"metadata":{"emulator":{"name":"functions"},"message":"File C:\\Users\\desen\\workspace\\leaguelink\\functions\\lib\\DiscGolf\\uDiscFunctions.js.map changed, reloading triggers"}}
[debug] [2024-06-11T03:44:19.467Z] File C:\Users\desen\workspace\leaguelink\functions\lib\DiscGolf\uDiscFunctions.js changed, reloading triggers {"metadata":{"emulator":{"name":"functions"},"message":"File C:\\Users\\desen\\workspace\\leaguelink\\functions\\lib\\DiscGolf\\uDiscFunctions.js changed, reloading triggers"}}
[debug] [2024-06-11T03:44:19.475Z] File C:\Users\desen\workspace\leaguelink\functions\lib\LeagueLink\fireStoreFunctions.js.map changed, reloading triggers {"metadata":{"emulator":{"name":"functions"},"message":"File C:\\Users\\desen\\workspace\\leaguelink\\functions\\lib\\LeagueLink\\fireStoreFunctions.js.map changed, reloading triggers"}}
[debug] [2024-06-11T03:44:19.476Z] File C:\Users\desen\workspace\leaguelink\functions\lib\LeagueLink\fireStoreFunctions.js changed, reloading triggers {"metadata":{"emulator":{"name":"functions"},"message":"File C:\\Users\\desen\\workspace\\leaguelink\\functions\\lib\\LeagueLink\\fireStoreFunctions.js changed, reloading triggers"}}
[debug] [2024-06-11T03:44:20.484Z] Validating nodejs source
[warn] !  functions: package.json indicates an outdated version of firebase-functions. Please upgrade using npm install --save firebase-functions@latest in your functions directory. 
[warn] !  functions: Please note that there will be breaking changes when you upgrade. 
[debug] [2024-06-11T03:44:21.652Z] > [functions] package.json contents: {
  "name": "functions",
  "scripts": {
    "lint": "eslint --ext .js,.ts .",
    "build": "tsc",
    "build:watch": "tsc --watch",
    "serve": "npm run build && firebase emulators:start --only functions",
    "shell": "npm run build && firebase functions:shell",
    "start": "npm run shell",
    "deploy": "firebase deploy --only functions",
    "logs": "firebase functions:log"
  },
  "engines": {
    "node": "18"
  },
  "main": "lib/index.js",
  "dependencies": {
    "algoliasearch": "^4.23.3",
    "axios": "^1.7.2",
    "firebase": "^10.12.2",
    "firebase-admin": "^11.11.1",
    "firebase-functions": "^4.3.1"
  },
  "devDependencies": {
    "@typescript-eslint/eslint-plugin": "^5.12.0",
    "@typescript-eslint/parser": "^5.12.0",
    "eslint": "^8.9.0",
    "eslint-config-google": "^0.14.0",
    "eslint-plugin-import": "^2.25.4",
    "firebase-functions-test": "^3.1.0",
    "typescript": "^4.9.0"
  },
  "private": true
}
[debug] [2024-06-11T03:44:21.652Z] Building nodejs source
[debug] [2024-06-11T03:44:21.652Z] Failed to find version of module node: reached end of search path C:\Users\desen\workspace\leaguelink\functions\node_modules
[warn] !  functions: Your requested "node" version "18" doesn't match your global version "21". Using node@21 from host. 
[debug] [2024-06-11T03:44:21.653Z] Could not find functions.yaml. Must use http discovery
[debug] [2024-06-11T03:44:21.667Z] Found firebase-functions binary at 'C:\Users\desen\workspace\leaguelink\functions\node_modules\.bin\firebase-functions'
[info] Serving at port 8893

[debug] [2024-06-11T03:44:22.223Z] Got response from /__/functions.yaml {"endpoints":{"searchCourses":{"availableMemoryMb":null,"timeoutSeconds":null,"minInstances":null,"maxInstances":null,"ingressSettings":null,"concurrency":null,"serviceAccountEmail":null,"vpc":null,"platform":"gcfv2","labels":{},"callableTrigger":{},"entryPoint":"searchCourses"},"addToIndex":{"platform":"gcfv1","availableMemoryMb":null,"timeoutSeconds":null,"minInstances":null,"maxInstances":null,"ingressSettings":null,"serviceAccountEmail":null,"vpc":null,"eventTrigger":{"eventType":"providers/cloud.firestore/eventTypes/document.create","eventFilters":{"resource":"projects/leaguelink-35ecc/databases/(default)/documents/leagues/{leagueId}/teams/{teamId}"},"retry":false},"labels":{},"entryPoint":"addToIndex"},"updateIndex":{"platform":"gcfv1","availableMemoryMb":null,"timeoutSeconds":null,"minInstances":null,"maxInstances":null,"ingressSettings":null,"serviceAccountEmail":null,"vpc":null,"eventTrigger":{"eventType":"providers/cloud.firestore/eventTypes/document.update","eventFilters":{"resource":"projects/leaguelink-35ecc/databases/(default)/documents/leagues/{leagueId}/teams/{teamId}"},"retry":false},"labels":{},"entryPoint":"updateIndex"},"deleteFromIndex":{"platform":"gcfv1","availableMemoryMb":null,"timeoutSeconds":null,"minInstances":null,"maxInstances":null,"ingressSettings":null,"serviceAccountEmail":null,"vpc":null,"eventTrigger":{"eventType":"providers/cloud.firestore/eventTypes/document.delete","eventFilters":{"resource":"projects/leaguelink-35ecc/databases/(default)/documents/leagues/{leagueId}/teams/{teamId}"},"retry":false},"labels":{},"entryPoint":"deleteFromIndex"}},"specVersion":"v1alpha1","requiredAPIs":[]}
[info] +  functions: Loaded functions definitions from source: searchCourses, addToIndex, updateIndex, deleteFromIndex. {"metadata":{"emulator":{"name":"functions"},"message":"Loaded functions definitions from source: searchCourses, addToIndex, updateIndex, deleteFromIndex."}}
[debug] [2024-06-11T03:44:27.256Z] [worker-pool] Shutting down IDLE worker (us-central1-searchCourses) {"metadata":{"emulator":{"name":"functions"},"message":"[worker-pool] Shutting down IDLE worker (us-central1-searchCourses)"}}
[debug] [2024-06-11T03:44:27.256Z] [worker-us-central1-searchCourses-887b9c9e-55e7-4a79-94c5-cc1de054aa91]: FINISHING {"metadata":{"emulator":{"name":"functions"},"function":{"name":"us-central1-searchCourses"},"extension":{},"message":"[worker-us-central1-searchCourses-887b9c9e-55e7-4a79-94c5-cc1de054aa91]: FINISHING"}}
[debug] [2024-06-11T03:44:27.256Z] [worker-pool] Shutting down IDLE worker (us-central1-searchCourses) {"metadata":{"emulator":{"name":"functions"},"message":"[worker-pool] Shutting down IDLE worker (us-central1-searchCourses)"}}
[debug] [2024-06-11T03:44:27.256Z] [worker-us-central1-searchCourses-daee6765-6587-4c15-9df7-b4b3c0cd4f66]: FINISHING {"metadata":{"emulator":{"name":"functions"},"function":{"name":"us-central1-searchCourses"},"extension":{},"message":"[worker-us-central1-searchCourses-daee6765-6587-4c15-9df7-b4b3c0cd4f66]: FINISHING"}}
[debug] [2024-06-11T03:44:27.256Z] [worker-pool] Shutting down IDLE worker (us-central1-searchCourses) {"metadata":{"emulator":{"name":"functions"},"message":"[worker-pool] Shutting down IDLE worker (us-central1-searchCourses)"}}
[debug] [2024-06-11T03:44:27.256Z] [worker-us-central1-searchCourses-27c4b184-8271-4775-9b00-84a7c1547cec]: FINISHING {"metadata":{"emulator":{"name":"functions"},"function":{"name":"us-central1-searchCourses"},"extension":{},"message":"[worker-us-central1-searchCourses-27c4b184-8271-4775-9b00-84a7c1547cec]: FINISHING"}}
[debug] [2024-06-11T03:44:27.265Z] [worker-us-central1-searchCourses-27c4b184-8271-4775-9b00-84a7c1547cec]: exited {"metadata":{"emulator":{"name":"functions"},"function":{"name":"us-central1-searchCourses"},"extension":{},"message":"[worker-us-central1-searchCourses-27c4b184-8271-4775-9b00-84a7c1547cec]: exited"}}
[debug] [2024-06-11T03:44:27.265Z] [worker-us-central1-searchCourses-27c4b184-8271-4775-9b00-84a7c1547cec]: FINISHED {"metadata":{"emulator":{"name":"functions"},"function":{"name":"us-central1-searchCourses"},"extension":{},"message":"[worker-us-central1-searchCourses-27c4b184-8271-4775-9b00-84a7c1547cec]: FINISHED"}}
[debug] [2024-06-11T03:44:27.266Z] [worker-us-central1-searchCourses-887b9c9e-55e7-4a79-94c5-cc1de054aa91]: exited {"metadata":{"emulator":{"name":"functions"},"function":{"name":"us-central1-searchCourses"},"extension":{},"message":"[worker-us-central1-searchCourses-887b9c9e-55e7-4a79-94c5-cc1de054aa91]: exited"}}
[debug] [2024-06-11T03:44:27.267Z] [worker-us-central1-searchCourses-887b9c9e-55e7-4a79-94c5-cc1de054aa91]: FINISHED {"metadata":{"emulator":{"name":"functions"},"function":{"name":"us-central1-searchCourses"},"extension":{},"message":"[worker-us-central1-searchCourses-887b9c9e-55e7-4a79-94c5-cc1de054aa91]: FINISHED"}}
[debug] [2024-06-11T03:44:27.267Z] [worker-us-central1-searchCourses-daee6765-6587-4c15-9df7-b4b3c0cd4f66]: exited {"metadata":{"emulator":{"name":"functions"},"function":{"name":"us-central1-searchCourses"},"extension":{},"message":"[worker-us-central1-searchCourses-daee6765-6587-4c15-9df7-b4b3c0cd4f66]: exited"}}
[debug] [2024-06-11T03:44:27.267Z] [worker-us-central1-searchCourses-daee6765-6587-4c15-9df7-b4b3c0cd4f66]: FINISHED {"metadata":{"emulator":{"name":"functions"},"function":{"name":"us-central1-searchCourses"},"extension":{},"message":"[worker-us-central1-searchCourses-daee6765-6587-4c15-9df7-b4b3c0cd4f66]: FINISHED"}}
[debug] [2024-06-11T04:58:05.577Z] File C:\Users\desen\workspace\leaguelink\functions\src\LeagueLink\fireStoreFunctions.ts changed, reloading triggers {"metadata":{"emulator":{"name":"functions"},"message":"File C:\\Users\\desen\\workspace\\leaguelink\\functions\\src\\LeagueLink\\fireStoreFunctions.ts changed, reloading triggers"}}
[debug] [2024-06-11T04:58:05.786Z] File C:\Users\desen\workspace\leaguelink\functions\src\LeagueLink\fireStoreFunctions.ts changed, reloading triggers {"metadata":{"emulator":{"name":"functions"},"message":"File C:\\Users\\desen\\workspace\\leaguelink\\functions\\src\\LeagueLink\\fireStoreFunctions.ts changed, reloading triggers"}}
[debug] [2024-06-11T04:58:06.067Z] File C:\Users\desen\workspace\leaguelink\functions\lib\LeagueLink\fireStoreFunctions.js.map changed, reloading triggers {"metadata":{"emulator":{"name":"functions"},"message":"File C:\\Users\\desen\\workspace\\leaguelink\\functions\\lib\\LeagueLink\\fireStoreFunctions.js.map changed, reloading triggers"}}
[debug] [2024-06-11T04:58:06.068Z] File C:\Users\desen\workspace\leaguelink\functions\lib\LeagueLink\fireStoreFunctions.js changed, reloading triggers {"metadata":{"emulator":{"name":"functions"},"message":"File C:\\Users\\desen\\workspace\\leaguelink\\functions\\lib\\LeagueLink\\fireStoreFunctions.js changed, reloading triggers"}}
[debug] [2024-06-11T04:58:07.072Z] Validating nodejs source
[warn] !  functions: package.json indicates an outdated version of firebase-functions. Please upgrade using npm install --save firebase-functions@latest in your functions directory. 
[warn] !  functions: Please note that there will be breaking changes when you upgrade. 
[debug] [2024-06-11T04:58:13.512Z] > [functions] package.json contents: {
  "name": "functions",
  "scripts": {
    "lint": "eslint --ext .js,.ts .",
    "build": "tsc",
    "build:watch": "tsc --watch",
    "serve": "npm run build && firebase emulators:start --only functions",
    "shell": "npm run build && firebase functions:shell",
    "start": "npm run shell",
    "deploy": "firebase deploy --only functions",
    "logs": "firebase functions:log"
  },
  "engines": {
    "node": "18"
  },
  "main": "lib/index.js",
  "dependencies": {
    "algoliasearch": "^4.23.3",
    "axios": "^1.7.2",
    "firebase": "^10.12.2",
    "firebase-admin": "^11.11.1",
    "firebase-functions": "^4.3.1"
  },
  "devDependencies": {
    "@typescript-eslint/eslint-plugin": "^5.12.0",
    "@typescript-eslint/parser": "^5.12.0",
    "eslint": "^8.9.0",
    "eslint-config-google": "^0.14.0",
    "eslint-plugin-import": "^2.25.4",
    "firebase-functions-test": "^3.1.0",
    "typescript": "^4.9.0"
  },
  "private": true
}
[debug] [2024-06-11T04:58:13.513Z] Building nodejs source
[debug] [2024-06-11T04:58:13.513Z] Failed to find version of module node: reached end of search path C:\Users\desen\workspace\leaguelink\functions\node_modules
[warn] !  functions: Your requested "node" version "18" doesn't match your global version "21". Using node@21 from host. 
[debug] [2024-06-11T04:58:13.513Z] Could not find functions.yaml. Must use http discovery
[debug] [2024-06-11T04:58:13.520Z] Found firebase-functions binary at 'C:\Users\desen\workspace\leaguelink\functions\node_modules\.bin\firebase-functions'
[info] Serving at port 8420

[debug] [2024-06-11T04:58:19.581Z] Got response from /__/functions.yaml {"endpoints":{"searchCourses":{"availableMemoryMb":null,"timeoutSeconds":null,"minInstances":null,"maxInstances":null,"ingressSettings":null,"concurrency":null,"serviceAccountEmail":null,"vpc":null,"platform":"gcfv2","labels":{},"callableTrigger":{},"entryPoint":"searchCourses"},"addToIndex":{"platform":"gcfv1","availableMemoryMb":null,"timeoutSeconds":null,"minInstances":null,"maxInstances":null,"ingressSettings":null,"serviceAccountEmail":null,"vpc":null,"eventTrigger":{"eventType":"providers/cloud.firestore/eventTypes/document.create","eventFilters":{"resource":"projects/leaguelink-35ecc/databases/(default)/documents/leagues/{leagueId}/teams/{teamId}"},"retry":false},"labels":{},"entryPoint":"addToIndex"},"updateIndex":{"platform":"gcfv1","availableMemoryMb":null,"timeoutSeconds":null,"minInstances":null,"maxInstances":null,"ingressSettings":null,"serviceAccountEmail":null,"vpc":null,"eventTrigger":{"eventType":"providers/cloud.firestore/eventTypes/document.update","eventFilters":{"resource":"projects/leaguelink-35ecc/databases/(default)/documents/leagues/{leagueId}/teams/{teamId}"},"retry":false},"labels":{},"entryPoint":"updateIndex"},"deleteFromIndex":{"platform":"gcfv1","availableMemoryMb":null,"timeoutSeconds":null,"minInstances":null,"maxInstances":null,"ingressSettings":null,"serviceAccountEmail":null,"vpc":null,"eventTrigger":{"eventType":"providers/cloud.firestore/eventTypes/document.delete","eventFilters":{"resource":"projects/leaguelink-35ecc/databases/(default)/documents/leagues/{leagueId}/teams/{teamId}"},"retry":false},"labels":{},"entryPoint":"deleteFromIndex"}},"specVersion":"v1alpha1","requiredAPIs":[]}
[info] +  functions: Loaded functions definitions from source: searchCourses, addToIndex, updateIndex, deleteFromIndex. {"metadata":{"emulator":{"name":"functions"},"message":"Loaded functions definitions from source: searchCourses, addToIndex, updateIndex, deleteFromIndex."}}
